2026-01-24 01:51:02.666 +11:00 [INF] Connection: Authenticator: username_password_mfa; Host: dinedfp-fs51767.snowflakecomputing.com; Account: "dinedfp-fs51767"; User: CBAH; Warehouse: COMPUTE_WH
2026-01-24 01:51:02.672 +11:00 [INF] Job ID was assigned [Job ID = JOB_20260123145102_MT02XLMN].
2026-01-24 01:51:02.672 +11:00 [INF] Mapping objects.
2026-01-24 01:51:05.884 +11:00 [INF] Object mapping was completed.
2026-01-24 01:51:05.885 +11:00 [INF] Mapping excluded objects.
2026-01-24 01:51:05.885 +11:00 [INF] Excluded objects mapping was completed.
2026-01-24 01:51:05.885 +11:00 [INF] Filtering Objects from Excluded Objects.
2026-01-24 01:51:05.889 +11:00 [INF] Filtering Objects from Excluded Objects completed.
2026-01-24 01:51:05.892 +11:00 [INF] Creating database SNOWCONVERT_AI.
2026-01-24 01:51:06.170 +11:00 [INF] Successfully created database SNOWCONVERT_AI.
2026-01-24 01:51:06.171 +11:00 [INF] Creating schema SNOWCONVERT_AI.PUBLIC.
2026-01-24 01:51:06.264 +11:00 [INF] Skipping creation of SCHEMA SNOWCONVERT_AI.PUBLIC, it already exists
2026-01-24 01:51:06.266 +11:00 [INF] Creating stage.
2026-01-24 01:51:06.268 +11:00 [INF] Creating stage.
2026-01-24 01:51:06.927 +11:00 [INF] Finished creating stage.
2026-01-24 01:51:06.928 +11:00 [INF] Finished creating stage.
2026-01-24 01:51:06.934 +11:00 [INF] Writing code to stage.
2026-01-24 01:51:06.935 +11:00 [INF] Generating zip file source.zip from directory F:\food_mart_snowconvert/source.
2026-01-24 01:51:07.132 +11:00 [INF] Generating zip file converted.zip from directory F:\food_mart_snowconvert/converted.
2026-01-24 01:51:07.840 +11:00 [INF] Writing zip files to ai-verification/JOB_20260123145102_MT02XLMN/input.
2026-01-24 01:51:09.370 +11:00 [INF] Finished writing code to stage.
2026-01-24 01:51:09.372 +11:00 [INF] Starting AI Verification job.
2026-01-24 01:51:09.375 +11:00 [INF] Attempting to log in to Snowflake at https://dinedfp-fs51767.snowflakecomputing.com
2026-01-24 01:51:09.375 +11:00 [INF] Authenticating user: CBAH
2026-01-24 01:51:09.375 +11:00 [INF] Using role: null
2026-01-24 01:51:09.375 +11:00 [INF] Using account: "dinedfp-fs51767"
2026-01-24 01:51:09.427 +11:00 [INF] Logging in to Snowflake Account: dinedfp-fs51767 with User: CBAH
2026-01-24 01:51:09.865 +11:00 [INF] Base URL for AI Verification API: https://dinedfp-fs51767.snowflakecomputing.com
2026-01-24 01:51:09.868 +11:00 [INF] Creating migration project MIGRATION_PROJECT_425ef951_fbe2_4570_9748_5dff53920feb in Snowflake Account.
2026-01-24 01:51:10.719 +11:00 [INF] Creating agent job for migration MIGRATION_PROJECT_425ef951_fbe2_4570_9748_5dff53920feb in Snowflake Account.
2026-01-24 01:51:15.826 +11:00 [INF] Successfully started AI Verification Job (id = JOB_20260123145102_MT02XLMN).
2026-01-24 01:51:15.829 +11:00 [INF] Started listening for progress updates from the AI Verification Job.
2026-01-24 01:51:15.836 +11:00 [INF] Reading current status
2026-01-24 01:51:16.019 +11:00 [INF] Reading current status
2026-01-24 01:51:16.244 +11:00 [INF] Job JOB_20260123145102_MT02XLMN is in state Last Updated: 23/01/2026 2:51:16 PM, Agent Status: PENDING, Exit Code: . Status won't be read from progress file.
2026-01-24 01:51:16.270 +11:00 [INF] Job JOB_20260123145102_MT02XLMN is in state Last Updated: 23/01/2026 2:51:16 PM, Agent Status: PENDING, Exit Code: . Status won't be read from progress file.
2026-01-24 01:51:21.245 +11:00 [INF] Reading current status
2026-01-24 01:51:21.601 +11:00 [INF] Job JOB_20260123145102_MT02XLMN is in state Last Updated: 23/01/2026 2:51:21 PM, Agent Status: PENDING, Exit Code: . Status won't be read from progress file.
2026-01-24 01:51:26.603 +11:00 [INF] Reading current status
2026-01-24 01:51:26.983 +11:00 [INF] Job JOB_20260123145102_MT02XLMN is in state Last Updated: 23/01/2026 2:51:26 PM, Agent Status: PENDING, Exit Code: . Status won't be read from progress file.
2026-01-24 01:51:31.987 +11:00 [INF] Reading current status
2026-01-24 01:51:32.310 +11:00 [INF] Job JOB_20260123145102_MT02XLMN is in state Last Updated: 23/01/2026 2:51:32 PM, Agent Status: PENDING, Exit Code: . Status won't be read from progress file.
2026-01-24 01:51:37.309 +11:00 [INF] Reading current status
2026-01-24 01:51:37.567 +11:00 [INF] Job JOB_20260123145102_MT02XLMN is in state Last Updated: 23/01/2026 2:51:37 PM, Agent Status: PENDING, Exit Code: . Status won't be read from progress file.
2026-01-24 01:51:42.567 +11:00 [INF] Reading current status
2026-01-24 01:51:45.608 +11:00 [INF] Job JOB_20260123145102_MT02XLMN is in state Last Updated: 23/01/2026 2:51:45 PM, Agent Status: PENDING, Exit Code: . Status won't be read from progress file.
2026-01-24 01:51:50.609 +11:00 [INF] Reading current status
2026-01-24 01:51:50.876 +11:00 [INF] Job JOB_20260123145102_MT02XLMN is in state Last Updated: 23/01/2026 2:51:50 PM, Agent Status: PENDING, Exit Code: . Status won't be read from progress file.
2026-01-24 01:51:55.876 +11:00 [INF] Reading current status
2026-01-24 01:51:56.126 +11:00 [INF] Job JOB_20260123145102_MT02XLMN is in state Last Updated: 23/01/2026 2:51:56 PM, Agent Status: PENDING, Exit Code: . Status won't be read from progress file.
2026-01-24 01:52:01.126 +11:00 [INF] Reading current status
2026-01-24 01:52:03.260 +11:00 [INF] Job JOB_20260123145102_MT02XLMN is in state Last Updated: 23/01/2026 2:52:03 PM, Agent Status: PENDING, Exit Code: . Status won't be read from progress file.
2026-01-24 01:52:08.260 +11:00 [INF] Reading current status
2026-01-24 01:52:08.494 +11:00 [INF] Job JOB_20260123145102_MT02XLMN is in state Last Updated: 23/01/2026 2:52:08 PM, Agent Status: PENDING, Exit Code: . Status won't be read from progress file.
2026-01-24 01:52:13.495 +11:00 [INF] Reading current status
2026-01-24 01:52:13.670 +11:00 [INF] Job JOB_20260123145102_MT02XLMN is in state Last Updated: 23/01/2026 2:52:13 PM, Agent Status: PENDING, Exit Code: . Status won't be read from progress file.
2026-01-24 01:52:18.671 +11:00 [INF] Reading current status
2026-01-24 01:52:19.042 +11:00 [INF] Job JOB_20260123145102_MT02XLMN is in state Last Updated: 23/01/2026 2:52:19 PM, Agent Status: PENDING, Exit Code: . Status won't be read from progress file.
2026-01-24 01:52:24.041 +11:00 [INF] Reading current status
2026-01-24 01:52:24.422 +11:00 [INF] Job JOB_20260123145102_MT02XLMN is in state Last Updated: 23/01/2026 2:52:24 PM, Agent Status: PENDING, Exit Code: . Status won't be read from progress file.
2026-01-24 01:52:29.422 +11:00 [INF] Reading current status
2026-01-24 01:52:29.727 +11:00 [INF] Job JOB_20260123145102_MT02XLMN is in state Last Updated: 23/01/2026 2:52:29 PM, Agent Status: PENDING, Exit Code: . Status won't be read from progress file.
2026-01-24 01:52:34.727 +11:00 [INF] Reading current status
2026-01-24 01:52:34.956 +11:00 [INF] Job JOB_20260123145102_MT02XLMN is in state Last Updated: 23/01/2026 2:52:34 PM, Agent Status: PENDING, Exit Code: . Status won't be read from progress file.
2026-01-24 01:52:39.956 +11:00 [INF] Reading current status
2026-01-24 01:52:40.564 +11:00 [INF] Job JOB_20260123145102_MT02XLMN is in state Last Updated: 23/01/2026 2:52:40 PM, Agent Status: PENDING, Exit Code: . Status won't be read from progress file.
2026-01-24 01:52:45.564 +11:00 [INF] Reading current status
2026-01-24 01:52:45.712 +11:00 [INF] Job JOB_20260123145102_MT02XLMN is in state Last Updated: 23/01/2026 2:52:45 PM, Agent Status: PENDING, Exit Code: . Status won't be read from progress file.
2026-01-24 01:52:50.712 +11:00 [INF] Reading current status
2026-01-24 01:52:50.890 +11:00 [INF] Job JOB_20260123145102_MT02XLMN is in state Last Updated: 23/01/2026 2:52:50 PM, Agent Status: PENDING, Exit Code: . Status won't be read from progress file.
2026-01-24 01:52:55.896 +11:00 [INF] Reading current status
2026-01-24 01:52:56.051 +11:00 [INF] Job JOB_20260123145102_MT02XLMN is in state Last Updated: 23/01/2026 2:52:56 PM, Agent Status: PENDING, Exit Code: . Status won't be read from progress file.
2026-01-24 01:53:01.053 +11:00 [INF] Reading current status
2026-01-24 01:53:01.204 +11:00 [INF] Job JOB_20260123145102_MT02XLMN is in state Last Updated: 23/01/2026 2:53:01 PM, Agent Status: PENDING, Exit Code: . Status won't be read from progress file.
2026-01-24 01:53:06.203 +11:00 [INF] Reading current status
2026-01-24 01:53:06.383 +11:00 [INF] Job JOB_20260123145102_MT02XLMN is in state Last Updated: 23/01/2026 2:53:06 PM, Agent Status: PENDING, Exit Code: . Status won't be read from progress file.
2026-01-24 01:53:11.384 +11:00 [INF] Reading current status
2026-01-24 01:53:11.560 +11:00 [INF] Job JOB_20260123145102_MT02XLMN is in state Last Updated: 23/01/2026 2:53:11 PM, Agent Status: PENDING, Exit Code: . Status won't be read from progress file.
2026-01-24 01:53:16.561 +11:00 [INF] Reading current status
2026-01-24 01:53:16.731 +11:00 [INF] Job JOB_20260123145102_MT02XLMN is in state Last Updated: 23/01/2026 2:53:16 PM, Agent Status: PENDING, Exit Code: . Status won't be read from progress file.
2026-01-24 01:53:21.731 +11:00 [INF] Reading current status
2026-01-24 01:53:21.940 +11:00 [INF] Job JOB_20260123145102_MT02XLMN is in state Last Updated: 23/01/2026 2:53:21 PM, Agent Status: PENDING, Exit Code: . Status won't be read from progress file.
2026-01-24 01:53:26.941 +11:00 [INF] Reading current status
2026-01-24 01:53:27.111 +11:00 [INF] Job JOB_20260123145102_MT02XLMN is in state Last Updated: 23/01/2026 2:53:27 PM, Agent Status: PENDING, Exit Code: . Status won't be read from progress file.
2026-01-24 01:53:32.111 +11:00 [INF] Reading current status
2026-01-24 01:53:32.268 +11:00 [INF] Job JOB_20260123145102_MT02XLMN is in state Last Updated: 23/01/2026 2:53:32 PM, Agent Status: PENDING, Exit Code: . Status won't be read from progress file.
2026-01-24 01:53:37.268 +11:00 [INF] Reading current status
2026-01-24 01:53:37.428 +11:00 [INF] Job JOB_20260123145102_MT02XLMN is in state Last Updated: 23/01/2026 2:53:37 PM, Agent Status: PENDING, Exit Code: . Status won't be read from progress file.
2026-01-24 01:53:42.428 +11:00 [INF] Reading current status
2026-01-24 01:53:42.585 +11:00 [INF] Job JOB_20260123145102_MT02XLMN is in state Last Updated: 23/01/2026 2:53:42 PM, Agent Status: PENDING, Exit Code: . Status won't be read from progress file.
2026-01-24 01:53:47.586 +11:00 [INF] Reading current status
2026-01-24 01:53:47.774 +11:00 [INF] Job JOB_20260123145102_MT02XLMN is in state Last Updated: 23/01/2026 2:53:47 PM, Agent Status: PENDING, Exit Code: . Status won't be read from progress file.
2026-01-24 01:53:52.776 +11:00 [INF] Reading current status
2026-01-24 01:53:52.939 +11:00 [INF] Job JOB_20260123145102_MT02XLMN is in state Last Updated: 23/01/2026 2:53:52 PM, Agent Status: PENDING, Exit Code: . Status won't be read from progress file.
2026-01-24 01:53:57.941 +11:00 [INF] Reading current status
2026-01-24 01:53:58.223 +11:00 [INF] Job JOB_20260123145102_MT02XLMN is in state Last Updated: 23/01/2026 2:53:58 PM, Agent Status: PENDING, Exit Code: . Status won't be read from progress file.
2026-01-24 01:54:03.226 +11:00 [INF] Reading current status
2026-01-24 01:54:03.428 +11:00 [INF] Job JOB_20260123145102_MT02XLMN is in state Last Updated: 23/01/2026 2:54:03 PM, Agent Status: PENDING, Exit Code: . Status won't be read from progress file.
2026-01-24 01:54:08.429 +11:00 [INF] Reading current status
2026-01-24 01:54:08.606 +11:00 [INF] Job JOB_20260123145102_MT02XLMN is in state Last Updated: 23/01/2026 2:54:08 PM, Agent Status: PENDING, Exit Code: . Status won't be read from progress file.
2026-01-24 01:54:13.607 +11:00 [INF] Reading current status
2026-01-24 01:54:13.874 +11:00 [INF] Job JOB_20260123145102_MT02XLMN is in state Last Updated: 23/01/2026 2:54:13 PM, Agent Status: PENDING, Exit Code: . Status won't be read from progress file.
2026-01-24 01:54:18.874 +11:00 [INF] Reading current status
2026-01-24 01:54:19.057 +11:00 [INF] Job JOB_20260123145102_MT02XLMN is in state Last Updated: 23/01/2026 2:54:19 PM, Agent Status: PENDING, Exit Code: . Status won't be read from progress file.
2026-01-24 01:54:24.058 +11:00 [INF] Reading current status
2026-01-24 01:54:24.711 +11:00 [INF] Job JOB_20260123145102_MT02XLMN is in state Last Updated: 23/01/2026 2:54:24 PM, Agent Status: PENDING, Exit Code: . Status won't be read from progress file.
2026-01-24 01:54:29.711 +11:00 [INF] Reading current status
2026-01-24 01:54:29.862 +11:00 [INF] Job JOB_20260123145102_MT02XLMN is in state Last Updated: 23/01/2026 2:54:29 PM, Agent Status: PENDING, Exit Code: . Status won't be read from progress file.
2026-01-24 01:54:34.862 +11:00 [INF] Reading current status
2026-01-24 01:54:35.089 +11:00 [INF] Job JOB_20260123145102_MT02XLMN has status Last Updated: 23/01/2026 2:54:35 PM, Agent Status: RUNNING, Exit Code: . Reading status from progress file.
2026-01-24 01:54:35.090 +11:00 [INF] Downloading job status data for job JOB_20260123145102_MT02XLMN.
2026-01-24 01:54:35.091 +11:00 [INF] Progress file path in stage: ai-verification/JOB_20260123145102_MT02XLMN/output/progress.json
2026-01-24 01:54:35.091 +11:00 [INF] Downloading progress file to C:\Users\Administrator\AppData\Local\Temp\2\ai-verification\JOB_20260123145102_MT02XLMN.
2026-01-24 01:54:43.097 +11:00 [WRN] No progress.json file found for job JOB_20260123145102_MT02XLMN.
2026-01-24 01:54:43.097 +11:00 [WRN] No progress update found for job JOB_20260123145102_MT02XLMN with status Last Updated: 23/01/2026 2:54:35 PM, Agent Status: RUNNING, Exit Code: 
2026-01-24 01:54:48.097 +11:00 [INF] Reading current status
2026-01-24 01:54:48.367 +11:00 [INF] Job JOB_20260123145102_MT02XLMN has status Last Updated: 23/01/2026 2:54:48 PM, Agent Status: RUNNING, Exit Code: . Reading status from progress file.
2026-01-24 01:54:48.367 +11:00 [INF] Downloading job status data for job JOB_20260123145102_MT02XLMN.
2026-01-24 01:54:48.367 +11:00 [INF] Progress file path in stage: ai-verification/JOB_20260123145102_MT02XLMN/output/progress.json
2026-01-24 01:54:48.367 +11:00 [INF] Downloading progress file to C:\Users\Administrator\AppData\Local\Temp\2\ai-verification\JOB_20260123145102_MT02XLMN.
2026-01-24 01:54:55.617 +11:00 [WRN] No progress.json file found for job JOB_20260123145102_MT02XLMN.
2026-01-24 01:54:55.617 +11:00 [WRN] No progress update found for job JOB_20260123145102_MT02XLMN with status Last Updated: 23/01/2026 2:54:48 PM, Agent Status: RUNNING, Exit Code: 
2026-01-24 01:55:00.617 +11:00 [INF] Reading current status
2026-01-24 01:55:00.778 +11:00 [INF] Job JOB_20260123145102_MT02XLMN has status Last Updated: 23/01/2026 2:55:00 PM, Agent Status: RUNNING, Exit Code: . Reading status from progress file.
2026-01-24 01:55:00.778 +11:00 [INF] Downloading job status data for job JOB_20260123145102_MT02XLMN.
2026-01-24 01:55:00.778 +11:00 [INF] Progress file path in stage: ai-verification/JOB_20260123145102_MT02XLMN/output/progress.json
2026-01-24 01:55:00.779 +11:00 [INF] Downloading progress file to C:\Users\Administrator\AppData\Local\Temp\2\ai-verification\JOB_20260123145102_MT02XLMN.
2026-01-24 01:55:07.932 +11:00 [WRN] No progress.json file found for job JOB_20260123145102_MT02XLMN.
2026-01-24 01:55:07.932 +11:00 [WRN] No progress update found for job JOB_20260123145102_MT02XLMN with status Last Updated: 23/01/2026 2:55:00 PM, Agent Status: RUNNING, Exit Code: 
2026-01-24 01:55:12.932 +11:00 [INF] Reading current status
2026-01-24 01:55:13.138 +11:00 [INF] Job JOB_20260123145102_MT02XLMN has status Last Updated: 23/01/2026 2:55:13 PM, Agent Status: RUNNING, Exit Code: . Reading status from progress file.
2026-01-24 01:55:13.138 +11:00 [INF] Downloading job status data for job JOB_20260123145102_MT02XLMN.
2026-01-24 01:55:13.138 +11:00 [INF] Progress file path in stage: ai-verification/JOB_20260123145102_MT02XLMN/output/progress.json
2026-01-24 01:55:13.139 +11:00 [INF] Downloading progress file to C:\Users\Administrator\AppData\Local\Temp\2\ai-verification\JOB_20260123145102_MT02XLMN.
2026-01-24 01:55:20.355 +11:00 [WRN] No progress.json file found for job JOB_20260123145102_MT02XLMN.
2026-01-24 01:55:20.355 +11:00 [WRN] No progress update found for job JOB_20260123145102_MT02XLMN with status Last Updated: 23/01/2026 2:55:13 PM, Agent Status: RUNNING, Exit Code: 
2026-01-24 01:55:25.356 +11:00 [INF] Reading current status
2026-01-24 01:55:25.568 +11:00 [INF] Job JOB_20260123145102_MT02XLMN has status Last Updated: 23/01/2026 2:55:25 PM, Agent Status: FAILED, Exit Code: 23. Reading status from progress file.
2026-01-24 01:55:25.568 +11:00 [INF] Downloading job status data for job JOB_20260123145102_MT02XLMN.
2026-01-24 01:55:25.568 +11:00 [INF] Progress file path in stage: ai-verification/JOB_20260123145102_MT02XLMN/output/progress.json
2026-01-24 01:55:25.569 +11:00 [INF] Downloading progress file to C:\Users\Administrator\AppData\Local\Temp\2\ai-verification\JOB_20260123145102_MT02XLMN.
2026-01-24 01:55:32.796 +11:00 [WRN] No progress.json file found for job JOB_20260123145102_MT02XLMN.
2026-01-24 01:55:32.796 +11:00 [WRN] No progress update found for job JOB_20260123145102_MT02XLMN with status Last Updated: 23/01/2026 2:55:25 PM, Agent Status: FAILED, Exit Code: 23
2026-01-24 01:55:32.796 +11:00 [INF] Progress update for job JOB_20260123145102_MT02XLMN has been read (Status = "Error", Progress = 0/23).
2026-01-24 01:55:37.796 +11:00 [INF] Job JOB_20260123145102_MT02XLMN has finished. No further progress updates will be read.
