2026-01-24 01:57:52.390 +11:00 [INF] Connection: Authenticator: username_password_mfa; Host: dinedfp-fs51767.snowflakecomputing.com; Account: "dinedfp-fs51767"; User: CBAH; Warehouse: COMPUTE_WH
2026-01-24 01:57:52.395 +11:00 [INF] Job ID was assigned [Job ID = JOB_20260123145752_PCO4DW9B].
2026-01-24 01:57:52.395 +11:00 [INF] Mapping objects.
2026-01-24 01:57:52.400 +11:00 [INF] Object mapping was completed.
2026-01-24 01:57:52.400 +11:00 [INF] Mapping excluded objects.
2026-01-24 01:57:52.400 +11:00 [INF] Excluded objects mapping was completed.
2026-01-24 01:57:52.400 +11:00 [INF] Filtering Objects from Excluded Objects.
2026-01-24 01:57:52.400 +11:00 [INF] Filtering Objects from Excluded Objects completed.
2026-01-24 01:57:52.401 +11:00 [INF] Creating database SNOWCONVERT_AI.
2026-01-24 01:57:52.496 +11:00 [INF] Skipping creation of DATABASE SNOWCONVERT_AI, it already exists
2026-01-24 01:57:52.496 +11:00 [INF] Creating schema SNOWCONVERT_AI.PUBLIC.
2026-01-24 01:57:52.669 +11:00 [INF] Skipping creation of SCHEMA SNOWCONVERT_AI.PUBLIC, it already exists
2026-01-24 01:57:52.669 +11:00 [INF] Creating stage.
2026-01-24 01:57:52.670 +11:00 [INF] Creating stage.
2026-01-24 01:57:52.723 +11:00 [INF] Skipping creation of STAGE SNOWCONVERT_AI.PUBLIC.MIGRATIONS_OUT, it already exists
2026-01-24 01:57:52.770 +11:00 [INF] Skipping creation of STAGE SNOWCONVERT_AI.PUBLIC.MIGRATIONS, it already exists
2026-01-24 01:57:52.770 +11:00 [INF] Writing code to stage.
2026-01-24 01:57:52.771 +11:00 [INF] Generating zip file source.zip from directory F:\food_mart_snowconvert/source.
2026-01-24 01:57:52.778 +11:00 [INF] Generating zip file converted.zip from directory F:\food_mart_snowconvert/converted.
2026-01-24 01:57:52.841 +11:00 [INF] Writing zip files to ai-verification/JOB_20260123145752_PCO4DW9B/input.
2026-01-24 01:57:53.278 +11:00 [INF] Finished writing code to stage.
2026-01-24 01:57:53.278 +11:00 [INF] Starting AI Verification job.
2026-01-24 01:57:53.278 +11:00 [INF] Base URL for AI Verification API: https://dinedfp-fs51767.snowflakecomputing.com
2026-01-24 01:57:53.278 +11:00 [INF] Creating migration project MIGRATION_PROJECT_425ef951_fbe2_4570_9748_5dff53920feb in Snowflake Account.
2026-01-24 01:57:53.382 +11:00 [INF] Creating agent job for migration MIGRATION_PROJECT_425ef951_fbe2_4570_9748_5dff53920feb in Snowflake Account.
2026-01-24 01:57:55.782 +11:00 [INF] Successfully started AI Verification Job (id = JOB_20260123145752_PCO4DW9B).
2026-01-24 01:57:55.782 +11:00 [INF] Reading current status
2026-01-24 01:57:55.782 +11:00 [INF] Started listening for progress updates from the AI Verification Job.
2026-01-24 01:57:55.922 +11:00 [INF] Job JOB_20260123145752_PCO4DW9B is in state Last Updated: 23/01/2026 2:57:55 PM, Agent Status: PENDING, Exit Code: . Status won't be read from progress file.
2026-01-24 01:57:56.207 +11:00 [INF] Reading current status
2026-01-24 01:57:56.399 +11:00 [INF] Job JOB_20260123145752_PCO4DW9B is in state Last Updated: 23/01/2026 2:57:56 PM, Agent Status: PENDING, Exit Code: . Status won't be read from progress file.
2026-01-24 01:58:00.921 +11:00 [INF] Reading current status
2026-01-24 01:58:01.101 +11:00 [INF] Job JOB_20260123145752_PCO4DW9B has status Last Updated: 23/01/2026 2:58:01 PM, Agent Status: RUNNING, Exit Code: . Reading status from progress file.
2026-01-24 01:58:01.101 +11:00 [INF] Downloading job status data for job JOB_20260123145752_PCO4DW9B.
2026-01-24 01:58:01.101 +11:00 [INF] Progress file path in stage: ai-verification/JOB_20260123145752_PCO4DW9B/output/progress.json
2026-01-24 01:58:01.103 +11:00 [INF] Downloading progress file to C:\Users\Administrator\AppData\Local\Temp\2\ai-verification\JOB_20260123145752_PCO4DW9B.
2026-01-24 01:58:08.396 +11:00 [WRN] No progress.json file found for job JOB_20260123145752_PCO4DW9B.
2026-01-24 01:58:08.396 +11:00 [WRN] No progress update found for job JOB_20260123145752_PCO4DW9B with status Last Updated: 23/01/2026 2:58:01 PM, Agent Status: RUNNING, Exit Code: 
2026-01-24 01:58:13.397 +11:00 [INF] Reading current status
2026-01-24 01:58:13.545 +11:00 [INF] Job JOB_20260123145752_PCO4DW9B has status Last Updated: 23/01/2026 2:58:13 PM, Agent Status: RUNNING, Exit Code: . Reading status from progress file.
2026-01-24 01:58:13.545 +11:00 [INF] Downloading job status data for job JOB_20260123145752_PCO4DW9B.
2026-01-24 01:58:13.545 +11:00 [INF] Progress file path in stage: ai-verification/JOB_20260123145752_PCO4DW9B/output/progress.json
2026-01-24 01:58:13.546 +11:00 [INF] Downloading progress file to C:\Users\Administrator\AppData\Local\Temp\2\ai-verification\JOB_20260123145752_PCO4DW9B.
2026-01-24 01:58:20.727 +11:00 [WRN] No progress.json file found for job JOB_20260123145752_PCO4DW9B.
2026-01-24 01:58:20.727 +11:00 [WRN] No progress update found for job JOB_20260123145752_PCO4DW9B with status Last Updated: 23/01/2026 2:58:13 PM, Agent Status: RUNNING, Exit Code: 
2026-01-24 01:58:25.728 +11:00 [INF] Reading current status
2026-01-24 01:58:25.943 +11:00 [INF] Job JOB_20260123145752_PCO4DW9B has status Last Updated: 23/01/2026 2:58:25 PM, Agent Status: RUNNING, Exit Code: . Reading status from progress file.
2026-01-24 01:58:25.943 +11:00 [INF] Downloading job status data for job JOB_20260123145752_PCO4DW9B.
2026-01-24 01:58:25.943 +11:00 [INF] Progress file path in stage: ai-verification/JOB_20260123145752_PCO4DW9B/output/progress.json
2026-01-24 01:58:25.943 +11:00 [INF] Downloading progress file to C:\Users\Administrator\AppData\Local\Temp\2\ai-verification\JOB_20260123145752_PCO4DW9B.
2026-01-24 01:58:33.970 +11:00 [WRN] No progress.json file found for job JOB_20260123145752_PCO4DW9B.
2026-01-24 01:58:33.970 +11:00 [WRN] No progress update found for job JOB_20260123145752_PCO4DW9B with status Last Updated: 23/01/2026 2:58:25 PM, Agent Status: RUNNING, Exit Code: 
2026-01-24 01:58:38.972 +11:00 [INF] Reading current status
2026-01-24 01:58:39.140 +11:00 [INF] Job JOB_20260123145752_PCO4DW9B has status Last Updated: 23/01/2026 2:58:39 PM, Agent Status: FAILED, Exit Code: 23. Reading status from progress file.
2026-01-24 01:58:39.140 +11:00 [INF] Downloading job status data for job JOB_20260123145752_PCO4DW9B.
2026-01-24 01:58:39.140 +11:00 [INF] Progress file path in stage: ai-verification/JOB_20260123145752_PCO4DW9B/output/progress.json
2026-01-24 01:58:39.141 +11:00 [INF] Downloading progress file to C:\Users\Administrator\AppData\Local\Temp\2\ai-verification\JOB_20260123145752_PCO4DW9B.
2026-01-24 01:58:46.356 +11:00 [WRN] No progress.json file found for job JOB_20260123145752_PCO4DW9B.
2026-01-24 01:58:46.356 +11:00 [WRN] No progress update found for job JOB_20260123145752_PCO4DW9B with status Last Updated: 23/01/2026 2:58:39 PM, Agent Status: FAILED, Exit Code: 23
2026-01-24 01:58:46.357 +11:00 [INF] Progress update for job JOB_20260123145752_PCO4DW9B has been read (Status = "Error", Progress = 0/1).
2026-01-24 01:58:51.367 +11:00 [INF] Job JOB_20260123145752_PCO4DW9B has finished. No further progress updates will be read.
